build/app/intermediates/manifest_merge_blame_file/debug/manifest-merger-blame-debug-report.txt
1<?xml version="1.0" encoding="utf-8"?>
2<manifest xmlns:android="http://schemas.android.com/apk/res/android"
3    package="com.example.sms"
4    android:versionCode="1"
5    android:versionName="1.0.0" >
6
7    <uses-sdk
8        android:minSdkVersion="20"
9        android:targetSdkVersion="29" />
10    <!--
11         Flutter needs it to communicate with the running application
12         to allow setting breakpoints, to provide hot reload, etc.
13    -->
14    <uses-permission android:name="android.permission.INTERNET" />
14-->src/main/AndroidManifest.xml:8:5-66
14-->src/main/AndroidManifest.xml:8:22-64
15    <uses-permission android:name="android.permission.CAMERA" /> <!-- Don't require camera, as this requires a rear camera. This allows it to work on the Nexus 7 -->
15-->src/main/AndroidManifest.xml:9:5-64
15-->src/main/AndroidManifest.xml:9:22-62
16    <uses-feature
16-->[com.journeyapps:zxing-android-embedded:4.1.0] AndroidManifest.xml:25:5-27:36
17        android:name="android.hardware.camera"
17-->[com.journeyapps:zxing-android-embedded:4.1.0] AndroidManifest.xml:26:9-47
18        android:required="false" />
18-->[com.journeyapps:zxing-android-embedded:4.1.0] AndroidManifest.xml:27:9-33
19    <uses-feature
19-->[com.journeyapps:zxing-android-embedded:4.1.0] AndroidManifest.xml:28:5-30:36
20        android:name="android.hardware.camera.front"
20-->[com.journeyapps:zxing-android-embedded:4.1.0] AndroidManifest.xml:29:9-53
21        android:required="false" /> <!-- TODO replace above two with next line after Android 4.2 -->
21-->[com.journeyapps:zxing-android-embedded:4.1.0] AndroidManifest.xml:30:9-33
22    <!-- <uses-feature android:name="android.hardware.camera.any"/> -->
23    <uses-feature
23-->[com.journeyapps:zxing-android-embedded:4.1.0] AndroidManifest.xml:33:5-35:36
24        android:name="android.hardware.camera.autofocus"
24-->[com.journeyapps:zxing-android-embedded:4.1.0] AndroidManifest.xml:34:9-57
25        android:required="false" />
25-->[com.journeyapps:zxing-android-embedded:4.1.0] AndroidManifest.xml:35:9-33
26    <uses-feature
26-->[com.journeyapps:zxing-android-embedded:4.1.0] AndroidManifest.xml:36:5-38:36
27        android:name="android.hardware.camera.flash"
27-->[com.journeyapps:zxing-android-embedded:4.1.0] AndroidManifest.xml:37:9-53
28        android:required="false" />
28-->[com.journeyapps:zxing-android-embedded:4.1.0] AndroidManifest.xml:38:9-33
29    <uses-feature
29-->[com.journeyapps:zxing-android-embedded:4.1.0] AndroidManifest.xml:39:5-41:36
30        android:name="android.hardware.screen.landscape"
30-->[com.journeyapps:zxing-android-embedded:4.1.0] AndroidManifest.xml:40:9-57
31        android:required="false" />
31-->[com.journeyapps:zxing-android-embedded:4.1.0] AndroidManifest.xml:41:9-33
32    <uses-feature
32-->[com.journeyapps:zxing-android-embedded:4.1.0] AndroidManifest.xml:42:5-44:36
33        android:name="android.hardware.wifi"
33-->[com.journeyapps:zxing-android-embedded:4.1.0] AndroidManifest.xml:43:9-45
34        android:required="false" />
34-->[com.journeyapps:zxing-android-embedded:4.1.0] AndroidManifest.xml:44:9-33
35
36    <application
36-->src/main/AndroidManifest.xml:10:5-48:19
37        android:name="io.flutter.app.FlutterApplication"
37-->src/main/AndroidManifest.xml:11:9-57
38        android:appComponentFactory="androidx.core.app.CoreComponentFactory"
38-->[androidx.core:core:1.3.0] AndroidManifest.xml:24:18-86
39        android:debuggable="true"
40        android:icon="@mipmap/ic_launcher"
40-->src/main/AndroidManifest.xml:13:9-43
41        android:label="sms" >
41-->src/main/AndroidManifest.xml:12:9-28
42        <activity
42-->src/main/AndroidManifest.xml:14:9-42:20
43            android:name="com.example.sms.MainActivity"
43-->src/main/AndroidManifest.xml:15:13-41
44            android:configChanges="orientation|keyboardHidden|keyboard|screenSize|smallestScreenSize|locale|layoutDirection|fontScale|screenLayout|density|uiMode"
44-->src/main/AndroidManifest.xml:18:13-163
45            android:hardwareAccelerated="true"
45-->src/main/AndroidManifest.xml:19:13-47
46            android:launchMode="singleTop"
46-->src/main/AndroidManifest.xml:16:13-43
47            android:theme="@style/LaunchTheme"
47-->src/main/AndroidManifest.xml:17:13-47
48            android:windowSoftInputMode="adjustResize" >
48-->src/main/AndroidManifest.xml:20:13-55
49
50            <!--
51                 Specifies an Android theme to apply to this Activity as soon as
52                 the Android process has started. This theme is visible to the user
53                 while the Flutter UI initializes. After that, this theme continues
54                 to determine the Window background behind the Flutter UI.
55            -->
56            <meta-data
56-->src/main/AndroidManifest.xml:25:13-28:17
57                android:name="io.flutter.embedding.android.NormalTheme"
57-->src/main/AndroidManifest.xml:26:15-70
58                android:resource="@style/NormalTheme" />
58-->src/main/AndroidManifest.xml:27:15-52
59            <!--
60                 Displays an Android View that continues showing the launch screen
61                 Drawable until Flutter paints its first frame, then this splash
62                 screen fades out. A splash screen is useful to avoid any visual
63                 gap between the end of Android's launch screen and the painting of
64                 Flutter's first frame.
65            -->
66            <meta-data
66-->src/main/AndroidManifest.xml:34:13-37:17
67                android:name="io.flutter.embedding.android.SplashScreenDrawable"
67-->src/main/AndroidManifest.xml:35:15-79
68                android:resource="@drawable/launch_background" />
68-->src/main/AndroidManifest.xml:36:15-61
69
70            <intent-filter>
70-->src/main/AndroidManifest.xml:38:13-41:29
71                <action android:name="android.intent.action.MAIN" />
71-->src/main/AndroidManifest.xml:39:17-68
71-->src/main/AndroidManifest.xml:39:25-66
72
73                <category android:name="android.intent.category.LAUNCHER" />
73-->src/main/AndroidManifest.xml:40:17-76
73-->src/main/AndroidManifest.xml:40:27-74
74            </intent-filter>
75        </activity>
76        <!--
77             Don't delete the meta-data below.
78             This is used by the Flutter tool to generate GeneratedPluginRegistrant.java
79        -->
80        <meta-data
80-->src/main/AndroidManifest.xml:45:9-47:33
81            android:name="flutterEmbedding"
81-->src/main/AndroidManifest.xml:46:13-44
82            android:value="2" />
82-->src/main/AndroidManifest.xml:47:13-30
83
84        <activity
84-->[com.journeyapps:zxing-android-embedded:4.1.0] AndroidManifest.xml:47:9-53:63
85            android:name="com.journeyapps.barcodescanner.CaptureActivity"
85-->[com.journeyapps:zxing-android-embedded:4.1.0] AndroidManifest.xml:48:13-74
86            android:clearTaskOnLaunch="true"
86-->[com.journeyapps:zxing-android-embedded:4.1.0] AndroidManifest.xml:49:13-45
87            android:screenOrientation="sensorLandscape"
87-->[com.journeyapps:zxing-android-embedded:4.1.0] AndroidManifest.xml:50:13-56
88            android:stateNotNeeded="true"
88-->[com.journeyapps:zxing-android-embedded:4.1.0] AndroidManifest.xml:51:13-42
89            android:theme="@style/zxing_CaptureTheme"
89-->[com.journeyapps:zxing-android-embedded:4.1.0] AndroidManifest.xml:52:13-54
90            android:windowSoftInputMode="stateAlwaysHidden" />
90-->[com.journeyapps:zxing-android-embedded:4.1.0] AndroidManifest.xml:53:13-60
91    </application>
92
93</manifest>